<?xml version="1.0" encoding="UTF-8"?>
<testsuite name="com.huhx0015.algorithmtester.twentyseventeen.algorithms.BinarySearchTest" tests="2" skipped="0" failures="0" errors="0" timestamp="2026-02-23T02:29:11" hostname="MGN73LLA-2.local" time="0.017">
  <properties/>
  <testcase name="testArraySearch()" classname="com.huhx0015.algorithmtester.twentyseventeen.algorithms.BinarySearchTest" time="0.014"/>
  <testcase name="testNodeSearch()" classname="com.huhx0015.algorithmtester.twentyseventeen.algorithms.BinarySearchTest" time="0.002"/>
  <system-out><![CDATA[arraySearch(): 8: Recursively searching to the right...
arraySearch(): Found 12 in the array at position 6
arraySearch(): 8: Recursively searching to the right...
arraySearch(): 12: Recursively searching to the right...
arraySearch(): 15: Recursively searching to the right...
arraySearch(): 20: Recursively searching to the right...
arraySearch(): Could not find 9999 in the array.
nodeSearch(): 8: Recursively searching to the right...
nodeSearch(): 12: We found the node we're looking for!
nodeSearch(): 8: Recursively searching to the right...
nodeSearch(): 12: Recursively searching to the right...
nodeSearch(): 15: Recursively searching to the right...
nodeSearch(): 20: Recursively searching to the right...
nodeSearch(): Could not find 9999 in the binary tree.
]]></system-out>
  <system-err><![CDATA[]]></system-err>
</testsuite>
